2023-06-06T11:35:27.828+0200 [INFO] [org.gradle.internal.nativeintegration.services.NativeServices] Initialized native services in: /home/palo/.gradle/native
2023-06-06T11:35:27.877+0200 [INFO] [org.gradle.internal.nativeintegration.services.NativeServices] Initialized jansi services in: /home/palo/.gradle/native
2023-06-06T11:35:27.905+0200 [LIFECYCLE] [org.gradle.launcher.cli.DebugLoggerWarningAction] 
#############################################################################
   WARNING WARNING WARNING WARNING WARNING WARNING WARNING WARNING WARNING

   Debug level logging will leak security sensitive information!

   https://docs.gradle.org/8.1.1/userguide/logging.html#sec:debug_security
#############################################################################

2023-06-06T11:35:27.966+0200 [INFO] [org.gradle.internal.jvm.inspection.DefaultJvmMetadataDetector] Received JVM installation metadata from '/usr/lib/jvm/java-17-openjdk-amd64': {JAVA_HOME=/usr/lib/jvm/java-17-openjdk-amd64, JAVA_VERSION=17.0.7, JAVA_VENDOR=Private Build, RUNTIME_NAME=OpenJDK Runtime Environment, RUNTIME_VERSION=17.0.7+7-Ubuntu-0ubuntu122.04.2, VM_NAME=OpenJDK 64-Bit Server VM, VM_VERSION=17.0.7+7-Ubuntu-0ubuntu122.04.2, VM_VENDOR=Private Build, OS_ARCH=amd64}
2023-06-06T11:35:28.079+0200 [DEBUG] [org.gradle.launcher.daemon.client.DaemonClient] Executing build fb703030-3afe-44ad-a1a0-331a80147c9f in daemon client {pid=45097}
2023-06-06T11:35:28.082+0200 [DEBUG] [org.gradle.internal.remote.internal.inet.InetAddresses] Adding IP addresses for network interface docker0
2023-06-06T11:35:28.082+0200 [DEBUG] [org.gradle.internal.remote.internal.inet.InetAddresses] Is this a loopback interface? false
2023-06-06T11:35:28.082+0200 [DEBUG] [org.gradle.internal.remote.internal.inet.InetAddresses] Adding remote address /fe80:0:0:0:42:36ff:fef7:9ec7%docker0
2023-06-06T11:35:28.082+0200 [DEBUG] [org.gradle.internal.remote.internal.inet.InetAddresses] Adding remote address /172.17.0.1
2023-06-06T11:35:28.082+0200 [DEBUG] [org.gradle.internal.remote.internal.inet.InetAddresses] Adding IP addresses for network interface wlp1s0
2023-06-06T11:35:28.082+0200 [DEBUG] [org.gradle.internal.remote.internal.inet.InetAddresses] Is this a loopback interface? false
2023-06-06T11:35:28.082+0200 [DEBUG] [org.gradle.internal.remote.internal.inet.InetAddresses] Adding remote address /fe80:0:0:0:ed5e:73ab:9371:2312%wlp1s0
2023-06-06T11:35:28.084+0200 [DEBUG] [org.gradle.internal.remote.internal.inet.InetAddresses] Adding remote address /192.168.100.25
2023-06-06T11:35:28.084+0200 [DEBUG] [org.gradle.internal.remote.internal.inet.InetAddresses] Adding IP addresses for network interface lo
2023-06-06T11:35:28.084+0200 [DEBUG] [org.gradle.internal.remote.internal.inet.InetAddresses] Is this a loopback interface? true
2023-06-06T11:35:28.084+0200 [DEBUG] [org.gradle.internal.remote.internal.inet.InetAddresses] Adding loopback address /0:0:0:0:0:0:0:1%lo
2023-06-06T11:35:28.084+0200 [DEBUG] [org.gradle.internal.remote.internal.inet.InetAddresses] Adding loopback address /127.0.0.1
2023-06-06T11:35:28.093+0200 [DEBUG] [org.gradle.cache.internal.DefaultFileLockManager] Waiting to acquire shared lock on daemon addresses registry.
2023-06-06T11:35:28.095+0200 [DEBUG] [org.gradle.cache.internal.DefaultFileLockManager] Lock acquired on daemon addresses registry.
2023-06-06T11:35:28.097+0200 [DEBUG] [org.gradle.cache.internal.DefaultFileLockManager] Releasing lock on daemon addresses registry.
2023-06-06T11:35:28.098+0200 [DEBUG] [org.gradle.launcher.daemon.registry.PersistentDaemonRegistry] Getting daemon stop events
2023-06-06T11:35:28.098+0200 [DEBUG] [org.gradle.cache.internal.DefaultFileLockManager] Waiting to acquire shared lock on daemon addresses registry.
2023-06-06T11:35:28.098+0200 [DEBUG] [org.gradle.cache.internal.DefaultFileLockManager] Lock acquired on daemon addresses registry.
2023-06-06T11:35:28.099+0200 [DEBUG] [org.gradle.cache.internal.DefaultFileLockManager] Releasing lock on daemon addresses registry.
2023-06-06T11:35:28.099+0200 [INFO] [org.gradle.launcher.daemon.registry.PersistentDaemonRegistry] Removing 0 daemon stop events from registry
2023-06-06T11:35:28.100+0200 [DEBUG] [org.gradle.cache.internal.DefaultFileLockManager] Waiting to acquire exclusive lock on daemon addresses registry.
2023-06-06T11:35:28.100+0200 [DEBUG] [org.gradle.cache.internal.DefaultFileLockManager] Lock acquired on daemon addresses registry.
2023-06-06T11:35:28.102+0200 [DEBUG] [org.gradle.cache.internal.DefaultFileLockManager] Releasing lock on daemon addresses registry.
2023-06-06T11:35:28.102+0200 [LIFECYCLE] [org.gradle.launcher.daemon.client.DefaultDaemonConnector] Starting a Gradle Daemon (subsequent builds will be faster)
2023-06-06T11:35:28.139+0200 [DEBUG] [org.gradle.launcher.daemon.client.DefaultDaemonStarter] Using daemon args: [nice, -n, 10, /usr/lib/jvm/java-17-openjdk-amd64/bin/java, --add-opens=java.base/java.util=ALL-UNNAMED, --add-opens=java.base/java.lang=ALL-UNNAMED, --add-opens=java.base/java.lang.invoke=ALL-UNNAMED, --add-opens=java.prefs/java.util.prefs=ALL-UNNAMED, --add-opens=java.base/java.nio.charset=ALL-UNNAMED, --add-opens=java.base/java.net=ALL-UNNAMED, --add-opens=java.base/java.util.concurrent.atomic=ALL-UNNAMED, -XX:MaxMetaspaceSize=384m, -XX:+HeapDumpOnOutOfMemoryError, -Xms256m, -Xmx512m, -Dfile.encoding=UTF-8, -Duser.country=US, -Duser.language=en, -Duser.variant, -cp, /opt/gradle/gradle-8.1.1/lib/gradle-launcher-8.1.1.jar, -javaagent:/opt/gradle/gradle-8.1.1/lib/agents/gradle-instrumentation-agent-8.1.1.jar]
2023-06-06T11:35:28.145+0200 [DEBUG] [org.gradle.launcher.daemon.client.DefaultDaemonStarter] Starting daemon process: workingDir = /home/palo/.gradle/daemon/8.1.1, daemonArgs: [nice, -n, 10, /usr/lib/jvm/java-17-openjdk-amd64/bin/java, --add-opens=java.base/java.util=ALL-UNNAMED, --add-opens=java.base/java.lang=ALL-UNNAMED, --add-opens=java.base/java.lang.invoke=ALL-UNNAMED, --add-opens=java.prefs/java.util.prefs=ALL-UNNAMED, --add-opens=java.base/java.nio.charset=ALL-UNNAMED, --add-opens=java.base/java.net=ALL-UNNAMED, --add-opens=java.base/java.util.concurrent.atomic=ALL-UNNAMED, -XX:MaxMetaspaceSize=384m, -XX:+HeapDumpOnOutOfMemoryError, -Xms256m, -Xmx512m, -Dfile.encoding=UTF-8, -Duser.country=US, -Duser.language=en, -Duser.variant, -cp, /opt/gradle/gradle-8.1.1/lib/gradle-launcher-8.1.1.jar, -javaagent:/opt/gradle/gradle-8.1.1/lib/agents/gradle-instrumentation-agent-8.1.1.jar, org.gradle.launcher.daemon.bootstrap.GradleDaemon, 8.1.1]
2023-06-06T11:35:28.159+0200 [INFO] [org.gradle.process.internal.DefaultExecHandle] Starting process 'Gradle build daemon'. Working directory: /home/palo/.gradle/daemon/8.1.1 Command: nice -n 10 /usr/lib/jvm/java-17-openjdk-amd64/bin/java --add-opens=java.base/java.util=ALL-UNNAMED --add-opens=java.base/java.lang=ALL-UNNAMED --add-opens=java.base/java.lang.invoke=ALL-UNNAMED --add-opens=java.prefs/java.util.prefs=ALL-UNNAMED --add-opens=java.base/java.nio.charset=ALL-UNNAMED --add-opens=java.base/java.net=ALL-UNNAMED --add-opens=java.base/java.util.concurrent.atomic=ALL-UNNAMED -XX:MaxMetaspaceSize=384m -XX:+HeapDumpOnOutOfMemoryError -Xms256m -Xmx512m -Dfile.encoding=UTF-8 -Duser.country=US -Duser.language=en -Duser.variant -cp /opt/gradle/gradle-8.1.1/lib/gradle-launcher-8.1.1.jar -javaagent:/opt/gradle/gradle-8.1.1/lib/agents/gradle-instrumentation-agent-8.1.1.jar org.gradle.launcher.daemon.bootstrap.GradleDaemon 8.1.1
2023-06-06T11:35:28.159+0200 [DEBUG] [org.gradle.process.internal.DefaultExecHandle] Changing state to: STARTING
2023-06-06T11:35:28.162+0200 [DEBUG] [org.gradle.process.internal.DefaultExecHandle] Waiting until process started: Gradle build daemon.
2023-06-06T11:35:28.183+0200 [DEBUG] [org.gradle.process.internal.DefaultExecHandle] Changing state to: STARTED
2023-06-06T11:35:28.183+0200 [DEBUG] [org.gradle.process.internal.ExecHandleRunner] waiting until streams are handled...
2023-06-06T11:35:28.183+0200 [INFO] [org.gradle.process.internal.DefaultExecHandle] Successfully started process 'Gradle build daemon'
2023-06-06T11:35:28.183+0200 [DEBUG] [org.gradle.launcher.daemon.client.DefaultDaemonStarter] Gradle daemon process is starting. Waiting for the daemon to detach...
2023-06-06T11:35:28.183+0200 [DEBUG] [org.gradle.launcher.daemon.bootstrap.DaemonOutputConsumer] Starting consuming the daemon process output.
